<?xml version="1.0" encoding="UTF-8"?>
<coverage generated="1647257602896" clover="3.2.0">
  <project timestamp="1647257602896" name="All files">
    <metrics statements="82" coveredstatements="80" conditionals="59" coveredconditionals="54" methods="15" coveredmethods="15" elements="156" coveredelements="149" complexity="0" loc="82" ncloc="82" packages="2" files="6" classes="6"/>
    <package name="src">
      <metrics statements="29" coveredstatements="29" conditionals="17" coveredconditionals="17" methods="4" coveredmethods="4"/>
      <file name="calcDiff.js" path="/home/sergey/frontend-projects/frontend-project-lvl2/src/calcDiff.js">
        <metrics statements="15" coveredstatements="15" conditionals="10" coveredconditionals="10" methods="2" coveredmethods="2"/>
        <line num="3" count="1" type="stmt"/>
        <line num="4" count="50" type="stmt"/>
        <line num="5" count="50" type="stmt"/>
        <line num="6" count="180" type="stmt"/>
        <line num="7" count="180" type="stmt"/>
        <line num="8" count="180" type="cond" truecount="4" falsecount="0"/>
        <line num="9" count="140" type="cond" truecount="2" falsecount="0"/>
        <line num="10" count="50" type="stmt"/>
        <line num="11" count="90" type="cond" truecount="2" falsecount="0"/>
        <line num="12" count="20" type="stmt"/>
        <line num="13" count="70" type="cond" truecount="2" falsecount="0"/>
        <line num="14" count="40" type="stmt"/>
        <line num="17" count="30" type="stmt"/>
        <line num="18" count="40" type="stmt"/>
        <line num="20" count="50" type="stmt"/>
      </file>
      <file name="genDiff.js" path="/home/sergey/frontend-projects/frontend-project-lvl2/src/genDiff.js">
        <metrics statements="6" coveredstatements="6" conditionals="1" coveredconditionals="1" methods="1" coveredmethods="1"/>
        <line num="5" count="1" type="cond" truecount="1" falsecount="0"/>
        <line num="6" count="10" type="stmt"/>
        <line num="7" count="10" type="stmt"/>
        <line num="8" count="10" type="stmt"/>
        <line num="9" count="10" type="stmt"/>
        <line num="10" count="10" type="stmt"/>
      </file>
      <file name="parsers.js" path="/home/sergey/frontend-projects/frontend-project-lvl2/src/parsers.js">
        <metrics statements="8" coveredstatements="8" conditionals="6" coveredconditionals="6" methods="1" coveredmethods="1"/>
        <line num="5" count="1" type="stmt"/>
        <line num="6" count="23" type="stmt"/>
        <line num="7" count="23" type="stmt"/>
        <line num="8" count="23" type="cond" truecount="2" falsecount="0"/>
        <line num="9" count="11" type="stmt"/>
        <line num="11" count="12" type="cond" truecount="4" falsecount="0"/>
        <line num="12" count="11" type="stmt"/>
        <line num="15" count="1" type="stmt"/>
      </file>
    </package>
    <package name="src.formatters">
      <metrics statements="53" coveredstatements="51" conditionals="42" coveredconditionals="37" methods="11" coveredmethods="11"/>
      <file name="index.js" path="/home/sergey/frontend-projects/frontend-project-lvl2/src/formatters/index.js">
        <metrics statements="6" coveredstatements="6" conditionals="4" coveredconditionals="4" methods="1" coveredmethods="1"/>
        <line num="4" count="1" type="stmt"/>
        <line num="5" count="10" type="cond" truecount="2" falsecount="0"/>
        <line num="6" count="3" type="stmt"/>
        <line num="8" count="7" type="cond" truecount="2" falsecount="0"/>
        <line num="9" count="6" type="stmt"/>
        <line num="12" count="1" type="stmt"/>
      </file>
      <file name="plain.js" path="/home/sergey/frontend-projects/frontend-project-lvl2/src/formatters/plain.js">
        <metrics statements="20" coveredstatements="19" conditionals="15" coveredconditionals="14" methods="4" coveredmethods="4"/>
        <line num="3" count="1" type="stmt"/>
        <line num="4" count="78" type="cond" truecount="4" falsecount="0"/>
        <line num="5" count="36" type="stmt"/>
        <line num="6" count="42" type="stmt"/>
        <line num="9" count="1" type="stmt"/>
        <line num="10" count="6" type="stmt"/>
        <line num="11" count="30" type="stmt"/>
        <line num="14" count="108" type="cond" truecount="2" falsecount="0"/>
        <line num="15" count="108" type="cond" truecount="2" falsecount="0"/>
        <line num="16" count="108" type="cond" truecount="2" falsecount="0"/>
        <line num="17" count="24" type="stmt"/>
        <line num="19" count="84" type="cond" truecount="4" falsecount="1"/>
        <line num="21" count="12" type="stmt"/>
        <line num="23" count="18" type="stmt"/>
        <line num="25" count="30" type="stmt"/>
        <line num="27" count="24" type="stmt"/>
        <line num="29" count="0" type="stmt"/>
        <line num="31" count="18" type="stmt"/>
        <line num="33" count="30" type="stmt"/>
        <line num="37" count="6" type="stmt"/>
      </file>
      <file name="stylish.js" path="/home/sergey/frontend-projects/frontend-project-lvl2/src/formatters/stylish.js">
        <metrics statements="27" coveredstatements="26" conditionals="23" coveredconditionals="19" methods="6" coveredmethods="6"/>
        <line num="3" count="1" type="cond" truecount="2" falsecount="0"/>
        <line num="4" count="54" type="stmt"/>
        <line num="5" count="81" type="stmt"/>
        <line num="6" count="81" type="stmt"/>
        <line num="7" count="81" type="stmt"/>
        <line num="9" count="81" type="cond" truecount="2" falsecount="0"/>
        <line num="10" count="60" type="stmt"/>
        <line num="12" count="21" type="stmt"/>
        <line num="14" count="27" type="stmt"/>
        <line num="15" count="21" type="stmt"/>
        <line num="22" count="54" type="stmt"/>
        <line num="25" count="1" type="cond" truecount="2" falsecount="0"/>
        <line num="26" count="3" type="stmt"/>
        <line num="27" count="15" type="stmt"/>
        <line num="28" count="15" type="stmt"/>
        <line num="29" count="15" type="stmt"/>
        <line num="30" count="15" type="stmt"/>
        <line num="33" count="54" type="cond" truecount="2" falsecount="0"/>
        <line num="34" count="12" type="stmt"/>
        <line num="36" count="42" type="cond" truecount="4" falsecount="1"/>
        <line num="38" count="6" type="cond" truecount="2" falsecount="0"/>
        <line num="40" count="9" type="cond" truecount="1" falsecount="1"/>
        <line num="42" count="15" type="cond" truecount="2" falsecount="0"/>
        <line num="44" count="12" type="cond" truecount="2" falsecount="2"/>
        <line num="46" count="0" type="stmt"/>
        <line num="49" count="15" type="stmt"/>
        <line num="56" count="3" type="stmt"/>
      </file>
    </package>
  </project>
</coverage>
