<?xml version="1.0" encoding="UTF-8"?>
<coverage generated="1647357538839" clover="3.2.0">
  <project timestamp="1647357538839" name="All files">
    <metrics statements="86" coveredstatements="84" conditionals="61" coveredconditionals="56" methods="16" coveredmethods="16" elements="163" coveredelements="156" complexity="0" loc="86" ncloc="86" packages="2" files="7" classes="7"/>
    <package name="src">
      <metrics statements="30" coveredstatements="30" conditionals="17" coveredconditionals="17" methods="4" coveredmethods="4"/>
      <file name="calcDiff.js" path="/home/sergey/frontend-projects/frontend-project-lvl2/src/calcDiff.js">
        <metrics statements="15" coveredstatements="15" conditionals="10" coveredconditionals="10" methods="2" coveredmethods="2"/>
        <line num="3" count="1" type="stmt"/>
        <line num="4" count="65" type="stmt"/>
        <line num="5" count="65" type="stmt"/>
        <line num="6" count="234" type="stmt"/>
        <line num="7" count="234" type="stmt"/>
        <line num="8" count="234" type="cond" truecount="4" falsecount="0"/>
        <line num="9" count="182" type="cond" truecount="2" falsecount="0"/>
        <line num="10" count="65" type="stmt"/>
        <line num="11" count="117" type="cond" truecount="2" falsecount="0"/>
        <line num="12" count="26" type="stmt"/>
        <line num="13" count="91" type="cond" truecount="2" falsecount="0"/>
        <line num="14" count="52" type="stmt"/>
        <line num="17" count="39" type="stmt"/>
        <line num="18" count="52" type="stmt"/>
        <line num="20" count="65" type="stmt"/>
      </file>
      <file name="genDiff.js" path="/home/sergey/frontend-projects/frontend-project-lvl2/src/genDiff.js">
        <metrics statements="6" coveredstatements="6" conditionals="1" coveredconditionals="1" methods="1" coveredmethods="1"/>
        <line num="5" count="1" type="cond" truecount="1" falsecount="0"/>
        <line num="6" count="13" type="stmt"/>
        <line num="7" count="13" type="stmt"/>
        <line num="8" count="13" type="stmt"/>
        <line num="9" count="13" type="stmt"/>
        <line num="10" count="13" type="stmt"/>
      </file>
      <file name="parsers.js" path="/home/sergey/frontend-projects/frontend-project-lvl2/src/parsers.js">
        <metrics statements="9" coveredstatements="9" conditionals="6" coveredconditionals="6" methods="1" coveredmethods="1"/>
        <line num="5" count="1" type="stmt"/>
        <line num="6" count="29" type="stmt"/>
        <line num="7" count="29" type="stmt"/>
        <line num="8" count="29" type="stmt"/>
        <line num="9" count="29" type="cond" truecount="2" falsecount="0"/>
        <line num="10" count="14" type="stmt"/>
        <line num="12" count="15" type="cond" truecount="4" falsecount="0"/>
        <line num="13" count="14" type="stmt"/>
        <line num="16" count="1" type="stmt"/>
      </file>
    </package>
    <package name="src.formatters">
      <metrics statements="56" coveredstatements="54" conditionals="44" coveredconditionals="39" methods="12" coveredmethods="12"/>
      <file name="index.js" path="/home/sergey/frontend-projects/frontend-project-lvl2/src/formatters/index.js">
        <metrics statements="8" coveredstatements="8" conditionals="6" coveredconditionals="6" methods="1" coveredmethods="1"/>
        <line num="5" count="1" type="stmt"/>
        <line num="6" count="13" type="cond" truecount="2" falsecount="0"/>
        <line num="7" count="6" type="stmt"/>
        <line num="9" count="7" type="cond" truecount="2" falsecount="0"/>
        <line num="10" count="3" type="stmt"/>
        <line num="12" count="4" type="cond" truecount="2" falsecount="0"/>
        <line num="13" count="3" type="stmt"/>
        <line num="16" count="1" type="stmt"/>
      </file>
      <file name="json.js" path="/home/sergey/frontend-projects/frontend-project-lvl2/src/formatters/json.js">
        <metrics statements="1" coveredstatements="1" conditionals="0" coveredconditionals="0" methods="1" coveredmethods="1"/>
        <line num="1" count="3" type="stmt"/>
      </file>
      <file name="plain.js" path="/home/sergey/frontend-projects/frontend-project-lvl2/src/formatters/plain.js">
        <metrics statements="20" coveredstatements="19" conditionals="15" coveredconditionals="14" methods="4" coveredmethods="4"/>
        <line num="3" count="1" type="stmt"/>
        <line num="4" count="39" type="cond" truecount="4" falsecount="0"/>
        <line num="5" count="18" type="stmt"/>
        <line num="6" count="21" type="stmt"/>
        <line num="9" count="1" type="stmt"/>
        <line num="10" count="3" type="stmt"/>
        <line num="11" count="15" type="stmt"/>
        <line num="14" count="54" type="cond" truecount="2" falsecount="0"/>
        <line num="15" count="54" type="cond" truecount="2" falsecount="0"/>
        <line num="16" count="54" type="cond" truecount="2" falsecount="0"/>
        <line num="17" count="12" type="stmt"/>
        <line num="19" count="42" type="cond" truecount="4" falsecount="1"/>
        <line num="21" count="6" type="stmt"/>
        <line num="23" count="9" type="stmt"/>
        <line num="25" count="15" type="stmt"/>
        <line num="27" count="12" type="stmt"/>
        <line num="29" count="0" type="stmt"/>
        <line num="31" count="9" type="stmt"/>
        <line num="33" count="15" type="stmt"/>
        <line num="37" count="3" type="stmt"/>
      </file>
      <file name="stylish.js" path="/home/sergey/frontend-projects/frontend-project-lvl2/src/formatters/stylish.js">
        <metrics statements="27" coveredstatements="26" conditionals="23" coveredconditionals="19" methods="6" coveredmethods="6"/>
        <line num="3" count="1" type="cond" truecount="2" falsecount="0"/>
        <line num="4" count="108" type="stmt"/>
        <line num="5" count="162" type="stmt"/>
        <line num="6" count="162" type="stmt"/>
        <line num="7" count="162" type="stmt"/>
        <line num="9" count="162" type="cond" truecount="2" falsecount="0"/>
        <line num="10" count="120" type="stmt"/>
        <line num="12" count="42" type="stmt"/>
        <line num="14" count="54" type="stmt"/>
        <line num="15" count="42" type="stmt"/>
        <line num="22" count="108" type="stmt"/>
        <line num="25" count="1" type="cond" truecount="2" falsecount="0"/>
        <line num="26" count="6" type="stmt"/>
        <line num="27" count="30" type="stmt"/>
        <line num="28" count="30" type="stmt"/>
        <line num="29" count="30" type="stmt"/>
        <line num="30" count="30" type="stmt"/>
        <line num="33" count="108" type="cond" truecount="2" falsecount="0"/>
        <line num="34" count="24" type="stmt"/>
        <line num="36" count="84" type="cond" truecount="4" falsecount="1"/>
        <line num="38" count="12" type="cond" truecount="2" falsecount="0"/>
        <line num="40" count="18" type="cond" truecount="1" falsecount="1"/>
        <line num="42" count="30" type="cond" truecount="2" falsecount="0"/>
        <line num="44" count="24" type="cond" truecount="2" falsecount="2"/>
        <line num="46" count="0" type="stmt"/>
        <line num="49" count="30" type="stmt"/>
        <line num="56" count="6" type="stmt"/>
      </file>
    </package>
  </project>
</coverage>
