{"/home/sergey/frontend-projects/frontend-project-lvl2/index.js": {"path":"/home/sergey/frontend-projects/frontend-project-lvl2/index.js","statementMap":{"0":{"start":{"line":6,"column":16},"end":{"line":14,"column":1}},"1":{"start":{"line":7,"column":29},"end":{"line":7,"column":44}},"2":{"start":{"line":8,"column":30},"end":{"line":8,"column":45}},"3":{"start":{"line":9,"column":22},"end":{"line":9,"column":58}},"4":{"start":{"line":10,"column":23},"end":{"line":10,"column":60}},"5":{"start":{"line":11,"column":15},"end":{"line":11,"column":50}},"6":{"start":{"line":12,"column":17},"end":{"line":12,"column":44}},"7":{"start":{"line":13,"column":2},"end":{"line":13,"column":16}}},"fnMap":{"0":{"name":"(anonymous_0)","decl":{"start":{"line":6,"column":16},"end":{"line":6,"column":17}},"loc":{"start":{"line":6,"column":54},"end":{"line":14,"column":1}},"line":6}},"branchMap":{"0":{"loc":{"start":{"line":6,"column":31},"end":{"line":6,"column":49}},"type":"default-arg","locations":[{"start":{"line":6,"column":40},"end":{"line":6,"column":49}}],"line":6}},"s":{"0":1,"1":13,"2":13,"3":13,"4":13,"5":13,"6":13,"7":13},"f":{"0":13},"b":{"0":[3]},"_coverageSchema":"1a1c01bbd47fc00a2c39e90264f33305004495a9","hash":"99df3b3b0613d3d7101f828c5000712bd3cef665"}
,"/home/sergey/frontend-projects/frontend-project-lvl2/src/calcDiff.js": {"path":"/home/sergey/frontend-projects/frontend-project-lvl2/src/calcDiff.js","statementMap":{"0":{"start":{"line":3,"column":17},"end":{"line":21,"column":1}},"1":{"start":{"line":4,"column":18},"end":{"line":4,"column":78}},"2":{"start":{"line":5,"column":17},"end":{"line":19,"column":4}},"3":{"start":{"line":6,"column":19},"end":{"line":6,"column":35}},"4":{"start":{"line":7,"column":19},"end":{"line":7,"column":36}},"5":{"start":{"line":8,"column":4},"end":{"line":18,"column":5}},"6":{"start":{"line":9,"column":6},"end":{"line":11,"column":7}},"7":{"start":{"line":10,"column":8},"end":{"line":10,"column":61}},"8":{"start":{"line":11,"column":8},"end":{"line":13,"column":7}},"9":{"start":{"line":12,"column":8},"end":{"line":12,"column":63}},"10":{"start":{"line":13,"column":8},"end":{"line":17,"column":7}},"11":{"start":{"line":14,"column":8},"end":{"line":16,"column":10}},"12":{"start":{"line":17,"column":8},"end":{"line":17,"column":65}},"13":{"start":{"line":18,"column":6},"end":{"line":18,"column":81}},"14":{"start":{"line":20,"column":2},"end":{"line":20,"column":16}}},"fnMap":{"0":{"name":"(anonymous_0)","decl":{"start":{"line":3,"column":17},"end":{"line":3,"column":18}},"loc":{"start":{"line":3,"column":48},"end":{"line":21,"column":1}},"line":3},"1":{"name":"(anonymous_1)","decl":{"start":{"line":5,"column":29},"end":{"line":5,"column":30}},"loc":{"start":{"line":5,"column":38},"end":{"line":19,"column":3}},"line":5}},"branchMap":{"0":{"loc":{"start":{"line":8,"column":4},"end":{"line":18,"column":5}},"type":"if","locations":[{"start":{"line":8,"column":4},"end":{"line":18,"column":5}},{"start":{},"end":{}}],"line":8},"1":{"loc":{"start":{"line":8,"column":10},"end":{"line":8,"column":50}},"type":"binary-expr","locations":[{"start":{"line":8,"column":10},"end":{"line":8,"column":28}},{"start":{"line":8,"column":32},"end":{"line":8,"column":50}}],"line":8},"2":{"loc":{"start":{"line":9,"column":6},"end":{"line":11,"column":7}},"type":"if","locations":[{"start":{"line":9,"column":6},"end":{"line":11,"column":7}},{"start":{},"end":{}}],"line":9},"3":{"loc":{"start":{"line":11,"column":8},"end":{"line":13,"column":7}},"type":"if","locations":[{"start":{"line":11,"column":8},"end":{"line":13,"column":7}},{"start":{},"end":{}}],"line":11},"4":{"loc":{"start":{"line":13,"column":8},"end":{"line":17,"column":7}},"type":"if","locations":[{"start":{"line":13,"column":8},"end":{"line":17,"column":7}},{"start":{},"end":{}}],"line":13}},"s":{"0":1,"1":65,"2":65,"3":234,"4":234,"5":234,"6":182,"7":65,"8":117,"9":26,"10":91,"11":52,"12":39,"13":52,"14":65},"f":{"0":65,"1":234},"b":{"0":[182,52],"1":[234,78],"2":[65,117],"3":[26,91],"4":[52,39]},"_coverageSchema":"1a1c01bbd47fc00a2c39e90264f33305004495a9","hash":"d316987130eafa2f5264363316396f65babf1c2e"}
,"/home/sergey/frontend-projects/frontend-project-lvl2/src/parsers.js": {"path":"/home/sergey/frontend-projects/frontend-project-lvl2/src/parsers.js","statementMap":{"0":{"start":{"line":4,"column":18},"end":{"line":16,"column":1}},"1":{"start":{"line":5,"column":24},"end":{"line":5,"column":46}},"2":{"start":{"line":7,"column":2},"end":{"line":15,"column":3}},"3":{"start":{"line":9,"column":6},"end":{"line":9,"column":30}},"4":{"start":{"line":12,"column":6},"end":{"line":12,"column":29}},"5":{"start":{"line":14,"column":6},"end":{"line":14,"column":68}}},"fnMap":{"0":{"name":"(anonymous_0)","decl":{"start":{"line":4,"column":18},"end":{"line":4,"column":19}},"loc":{"start":{"line":4,"column":38},"end":{"line":16,"column":1}},"line":4}},"branchMap":{"0":{"loc":{"start":{"line":7,"column":2},"end":{"line":15,"column":3}},"type":"switch","locations":[{"start":{"line":8,"column":4},"end":{"line":9,"column":30}},{"start":{"line":10,"column":4},"end":{"line":10,"column":16}},{"start":{"line":11,"column":4},"end":{"line":12,"column":29}},{"start":{"line":13,"column":4},"end":{"line":14,"column":68}}],"line":7}},"s":{"0":1,"1":28,"2":28,"3":14,"4":14,"5":0},"f":{"0":28},"b":{"0":[14,0,14,0]},"_coverageSchema":"1a1c01bbd47fc00a2c39e90264f33305004495a9","hash":"7d241030f04fc5c3203445d21057be8651b4acc2"}
,"/home/sergey/frontend-projects/frontend-project-lvl2/src/formatters/index.js": {"path":"/home/sergey/frontend-projects/frontend-project-lvl2/src/formatters/index.js","statementMap":{"0":{"start":{"line":5,"column":22},"end":{"line":17,"column":1}},"1":{"start":{"line":6,"column":2},"end":{"line":8,"column":3}},"2":{"start":{"line":7,"column":4},"end":{"line":7,"column":25}},"3":{"start":{"line":9,"column":2},"end":{"line":11,"column":3}},"4":{"start":{"line":10,"column":4},"end":{"line":10,"column":23}},"5":{"start":{"line":12,"column":2},"end":{"line":14,"column":3}},"6":{"start":{"line":13,"column":4},"end":{"line":13,"column":22}},"7":{"start":{"line":16,"column":2},"end":{"line":16,"column":12}}},"fnMap":{"0":{"name":"(anonymous_0)","decl":{"start":{"line":5,"column":22},"end":{"line":5,"column":23}},"loc":{"start":{"line":5,"column":40},"end":{"line":17,"column":1}},"line":5}},"branchMap":{"0":{"loc":{"start":{"line":6,"column":2},"end":{"line":8,"column":3}},"type":"if","locations":[{"start":{"line":6,"column":2},"end":{"line":8,"column":3}},{"start":{},"end":{}}],"line":6},"1":{"loc":{"start":{"line":9,"column":2},"end":{"line":11,"column":3}},"type":"if","locations":[{"start":{"line":9,"column":2},"end":{"line":11,"column":3}},{"start":{},"end":{}}],"line":9},"2":{"loc":{"start":{"line":12,"column":2},"end":{"line":14,"column":3}},"type":"if","locations":[{"start":{"line":12,"column":2},"end":{"line":14,"column":3}},{"start":{},"end":{}}],"line":12}},"s":{"0":1,"1":13,"2":6,"3":7,"4":3,"5":4,"6":3,"7":1},"f":{"0":13},"b":{"0":[6,7],"1":[3,4],"2":[3,1]},"_coverageSchema":"1a1c01bbd47fc00a2c39e90264f33305004495a9","hash":"9a49e0eded526407994990ab4d8dc96772e3475a"}
,"/home/sergey/frontend-projects/frontend-project-lvl2/src/formatters/json.js": {"path":"/home/sergey/frontend-projects/frontend-project-lvl2/src/formatters/json.js","statementMap":{"0":{"start":{"line":1,"column":13},"end":{"line":1,"column":55}},"1":{"start":{"line":1,"column":23},"end":{"line":1,"column":55}}},"fnMap":{"0":{"name":"(anonymous_0)","decl":{"start":{"line":1,"column":13},"end":{"line":1,"column":14}},"loc":{"start":{"line":1,"column":23},"end":{"line":1,"column":55}},"line":1}},"branchMap":{},"s":{"0":1,"1":3},"f":{"0":3},"b":{},"_coverageSchema":"1a1c01bbd47fc00a2c39e90264f33305004495a9","hash":"34124bd15472890faf592240f4ee107582b01e0a"}
,"/home/sergey/frontend-projects/frontend-project-lvl2/src/formatters/plain.js": {"path":"/home/sergey/frontend-projects/frontend-project-lvl2/src/formatters/plain.js","statementMap":{"0":{"start":{"line":3,"column":18},"end":{"line":7,"column":1}},"1":{"start":{"line":4,"column":2},"end":{"line":6,"column":3}},"2":{"start":{"line":5,"column":4},"end":{"line":5,"column":17}},"3":{"start":{"line":6,"column":4},"end":{"line":6,"column":24}},"4":{"start":{"line":9,"column":14},"end":{"line":38,"column":1}},"5":{"start":{"line":10,"column":15},"end":{"line":36,"column":3}},"6":{"start":{"line":11,"column":18},"end":{"line":32,"column":6}},"7":{"start":{"line":14,"column":29},"end":{"line":14,"column":74}},"8":{"start":{"line":15,"column":32},"end":{"line":15,"column":83}},"9":{"start":{"line":16,"column":6},"end":{"line":18,"column":7}},"10":{"start":{"line":17,"column":8},"end":{"line":17,"column":53}},"11":{"start":{"line":19,"column":6},"end":{"line":30,"column":7}},"12":{"start":{"line":21,"column":10},"end":{"line":21,"column":61}},"13":{"start":{"line":23,"column":10},"end":{"line":23,"column":16}},"14":{"start":{"line":25,"column":10},"end":{"line":25,"column":100}},"15":{"start":{"line":27,"column":10},"end":{"line":27,"column":131}},"16":{"start":{"line":29,"column":10},"end":{"line":29,"column":56}},"17":{"start":{"line":31,"column":6},"end":{"line":31,"column":18}},"18":{"start":{"line":33,"column":4},"end":{"line":35,"column":39}},"19":{"start":{"line":37,"column":2},"end":{"line":37,"column":24}}},"fnMap":{"0":{"name":"(anonymous_0)","decl":{"start":{"line":3,"column":18},"end":{"line":3,"column":19}},"loc":{"start":{"line":3,"column":29},"end":{"line":7,"column":1}},"line":3},"1":{"name":"(anonymous_1)","decl":{"start":{"line":9,"column":14},"end":{"line":9,"column":15}},"loc":{"start":{"line":9,"column":24},"end":{"line":38,"column":1}},"line":9},"2":{"name":"(anonymous_2)","decl":{"start":{"line":10,"column":15},"end":{"line":10,"column":16}},"loc":{"start":{"line":10,"column":35},"end":{"line":36,"column":3}},"line":10},"3":{"name":"(anonymous_3)","decl":{"start":{"line":11,"column":27},"end":{"line":11,"column":28}},"loc":{"start":{"line":13,"column":10},"end":{"line":32,"column":5}},"line":13}},"branchMap":{"0":{"loc":{"start":{"line":4,"column":2},"end":{"line":6,"column":3}},"type":"if","locations":[{"start":{"line":4,"column":2},"end":{"line":6,"column":3}},{"start":{},"end":{}}],"line":4},"1":{"loc":{"start":{"line":4,"column":6},"end":{"line":4,"column":55}},"type":"binary-expr","locations":[{"start":{"line":4,"column":6},"end":{"line":4,"column":24}},{"start":{"line":4,"column":28},"end":{"line":4,"column":55}}],"line":4},"2":{"loc":{"start":{"line":14,"column":29},"end":{"line":14,"column":74}},"type":"cond-expr","locations":[{"start":{"line":14,"column":49},"end":{"line":14,"column":66}},{"start":{"line":14,"column":69},"end":{"line":14,"column":74}}],"line":14},"3":{"loc":{"start":{"line":15,"column":32},"end":{"line":15,"column":83}},"type":"cond-expr","locations":[{"start":{"line":15,"column":55},"end":{"line":15,"column":72}},{"start":{"line":15,"column":75},"end":{"line":15,"column":83}}],"line":15},"4":{"loc":{"start":{"line":16,"column":6},"end":{"line":18,"column":7}},"type":"if","locations":[{"start":{"line":16,"column":6},"end":{"line":18,"column":7}},{"start":{},"end":{}}],"line":16},"5":{"loc":{"start":{"line":19,"column":6},"end":{"line":30,"column":7}},"type":"switch","locations":[{"start":{"line":20,"column":8},"end":{"line":21,"column":61}},{"start":{"line":22,"column":8},"end":{"line":23,"column":16}},{"start":{"line":24,"column":8},"end":{"line":25,"column":100}},{"start":{"line":26,"column":8},"end":{"line":27,"column":131}},{"start":{"line":28,"column":8},"end":{"line":29,"column":56}}],"line":19}},"s":{"0":1,"1":39,"2":18,"3":21,"4":1,"5":3,"6":15,"7":54,"8":54,"9":54,"10":12,"11":42,"12":6,"13":9,"14":15,"15":12,"16":0,"17":9,"18":15,"19":3},"f":{"0":39,"1":3,"2":15,"3":54},"b":{"0":[18,21],"1":[39,30],"2":[9,45],"3":[3,51],"4":[12,42],"5":[6,9,15,12,0]},"_coverageSchema":"1a1c01bbd47fc00a2c39e90264f33305004495a9","hash":"24fce8a3cddab1620f5915193cfee858fb406086"}
,"/home/sergey/frontend-projects/frontend-project-lvl2/src/formatters/readFile.js": {"path":"/home/sergey/frontend-projects/frontend-project-lvl2/src/formatters/readFile.js","statementMap":{"0":{"start":{"line":4,"column":24},"end":{"line":4,"column":75}},"1":{"start":{"line":4,"column":38},"end":{"line":4,"column":75}},"2":{"start":{"line":6,"column":17},"end":{"line":6,"column":81}},"3":{"start":{"line":6,"column":31},"end":{"line":6,"column":81}}},"fnMap":{"0":{"name":"(anonymous_0)","decl":{"start":{"line":4,"column":24},"end":{"line":4,"column":25}},"loc":{"start":{"line":4,"column":38},"end":{"line":4,"column":75}},"line":4},"1":{"name":"(anonymous_1)","decl":{"start":{"line":6,"column":17},"end":{"line":6,"column":18}},"loc":{"start":{"line":6,"column":31},"end":{"line":6,"column":81}},"line":6}},"branchMap":{},"s":{"0":1,"1":26,"2":1,"3":26},"f":{"0":26,"1":26},"b":{},"_coverageSchema":"1a1c01bbd47fc00a2c39e90264f33305004495a9","hash":"20aa54f2fb962c8574b16c97b01ac883d6b17bb1"}
,"/home/sergey/frontend-projects/frontend-project-lvl2/src/formatters/stylish.js": {"path":"/home/sergey/frontend-projects/frontend-project-lvl2/src/formatters/stylish.js","statementMap":{"0":{"start":{"line":3,"column":18},"end":{"line":23,"column":1}},"1":{"start":{"line":4,"column":15},"end":{"line":20,"column":3}},"2":{"start":{"line":5,"column":23},"end":{"line":5,"column":42}},"3":{"start":{"line":6,"column":26},"end":{"line":6,"column":57}},"4":{"start":{"line":7,"column":26},"end":{"line":7,"column":53}},"5":{"start":{"line":9,"column":4},"end":{"line":11,"column":5}},"6":{"start":{"line":10,"column":6},"end":{"line":10,"column":23}},"7":{"start":{"line":12,"column":18},"end":{"line":14,"column":77}},"8":{"start":{"line":14,"column":27},"end":{"line":14,"column":76}},"9":{"start":{"line":15,"column":4},"end":{"line":19,"column":17}},"10":{"start":{"line":22,"column":2},"end":{"line":22,"column":23}},"11":{"start":{"line":25,"column":16},"end":{"line":57,"column":1}},"12":{"start":{"line":26,"column":15},"end":{"line":54,"column":3}},"13":{"start":{"line":27,"column":23},"end":{"line":27,"column":42}},"14":{"start":{"line":28,"column":26},"end":{"line":28,"column":53}},"15":{"start":{"line":29,"column":26},"end":{"line":29,"column":67}},"16":{"start":{"line":30,"column":18},"end":{"line":48,"column":6}},"17":{"start":{"line":33,"column":6},"end":{"line":35,"column":7}},"18":{"start":{"line":34,"column":8},"end":{"line":34,"column":73}},"19":{"start":{"line":36,"column":6},"end":{"line":47,"column":7}},"20":{"start":{"line":38,"column":10},"end":{"line":38,"column":108}},"21":{"start":{"line":40,"column":10},"end":{"line":40,"column":108}},"22":{"start":{"line":42,"column":10},"end":{"line":42,"column":108}},"23":{"start":{"line":44,"column":10},"end":{"line":44,"column":204}},"24":{"start":{"line":46,"column":10},"end":{"line":46,"column":56}},"25":{"start":{"line":49,"column":4},"end":{"line":53,"column":17}},"26":{"start":{"line":56,"column":2},"end":{"line":56,"column":23}}},"fnMap":{"0":{"name":"(anonymous_0)","decl":{"start":{"line":3,"column":18},"end":{"line":3,"column":19}},"loc":{"start":{"line":3,"column":62},"end":{"line":23,"column":1}},"line":3},"1":{"name":"(anonymous_1)","decl":{"start":{"line":4,"column":15},"end":{"line":4,"column":16}},"loc":{"start":{"line":4,"column":32},"end":{"line":20,"column":3}},"line":4},"2":{"name":"(anonymous_2)","decl":{"start":{"line":14,"column":11},"end":{"line":14,"column":12}},"loc":{"start":{"line":14,"column":27},"end":{"line":14,"column":76}},"line":14},"3":{"name":"(anonymous_3)","decl":{"start":{"line":25,"column":16},"end":{"line":25,"column":17}},"loc":{"start":{"line":25,"column":60},"end":{"line":57,"column":1}},"line":25},"4":{"name":"(anonymous_4)","decl":{"start":{"line":26,"column":15},"end":{"line":26,"column":16}},"loc":{"start":{"line":26,"column":32},"end":{"line":54,"column":3}},"line":26},"5":{"name":"(anonymous_5)","decl":{"start":{"line":30,"column":27},"end":{"line":30,"column":28}},"loc":{"start":{"line":32,"column":10},"end":{"line":48,"column":5}},"line":32}},"branchMap":{"0":{"loc":{"start":{"line":3,"column":25},"end":{"line":3,"column":40}},"type":"default-arg","locations":[{"start":{"line":3,"column":36},"end":{"line":3,"column":40}}],"line":3},"1":{"loc":{"start":{"line":3,"column":42},"end":{"line":3,"column":57}},"type":"default-arg","locations":[{"start":{"line":3,"column":56},"end":{"line":3,"column":57}}],"line":3},"2":{"loc":{"start":{"line":9,"column":4},"end":{"line":11,"column":5}},"type":"if","locations":[{"start":{"line":9,"column":4},"end":{"line":11,"column":5}},{"start":{},"end":{}}],"line":9},"3":{"loc":{"start":{"line":25,"column":23},"end":{"line":25,"column":38}},"type":"default-arg","locations":[{"start":{"line":25,"column":34},"end":{"line":25,"column":38}}],"line":25},"4":{"loc":{"start":{"line":25,"column":40},"end":{"line":25,"column":55}},"type":"default-arg","locations":[{"start":{"line":25,"column":54},"end":{"line":25,"column":55}}],"line":25},"5":{"loc":{"start":{"line":33,"column":6},"end":{"line":35,"column":7}},"type":"if","locations":[{"start":{"line":33,"column":6},"end":{"line":35,"column":7}},{"start":{},"end":{}}],"line":33},"6":{"loc":{"start":{"line":36,"column":6},"end":{"line":47,"column":7}},"type":"switch","locations":[{"start":{"line":37,"column":8},"end":{"line":38,"column":108}},{"start":{"line":39,"column":8},"end":{"line":40,"column":108}},{"start":{"line":41,"column":8},"end":{"line":42,"column":108}},{"start":{"line":43,"column":8},"end":{"line":44,"column":204}},{"start":{"line":45,"column":8},"end":{"line":46,"column":56}}],"line":36},"7":{"loc":{"start":{"line":38,"column":47},"end":{"line":38,"column":105}},"type":"cond-expr","locations":[{"start":{"line":38,"column":61},"end":{"line":38,"column":77}},{"start":{"line":38,"column":80},"end":{"line":38,"column":105}}],"line":38},"8":{"loc":{"start":{"line":40,"column":47},"end":{"line":40,"column":105}},"type":"cond-expr","locations":[{"start":{"line":40,"column":61},"end":{"line":40,"column":77}},{"start":{"line":40,"column":80},"end":{"line":40,"column":105}}],"line":40},"9":{"loc":{"start":{"line":42,"column":47},"end":{"line":42,"column":105}},"type":"cond-expr","locations":[{"start":{"line":42,"column":61},"end":{"line":42,"column":77}},{"start":{"line":42,"column":80},"end":{"line":42,"column":105}}],"line":42},"10":{"loc":{"start":{"line":44,"column":47},"end":{"line":44,"column":111}},"type":"cond-expr","locations":[{"start":{"line":44,"column":61},"end":{"line":44,"column":80}},{"start":{"line":44,"column":83},"end":{"line":44,"column":111}}],"line":44},"11":{"loc":{"start":{"line":44,"column":143},"end":{"line":44,"column":201}},"type":"cond-expr","locations":[{"start":{"line":44,"column":157},"end":{"line":44,"column":173}},{"start":{"line":44,"column":176},"end":{"line":44,"column":201}}],"line":44}},"s":{"0":1,"1":108,"2":162,"3":162,"4":162,"5":162,"6":120,"7":42,"8":54,"9":42,"10":108,"11":1,"12":6,"13":30,"14":30,"15":30,"16":30,"17":108,"18":24,"19":84,"20":12,"21":18,"22":30,"23":24,"24":0,"25":30,"26":6},"f":{"0":108,"1":162,"2":54,"3":6,"4":30,"5":108},"b":{"0":[12],"1":[12],"2":[120,42],"3":[6],"4":[6],"5":[24,84],"6":[12,18,30,24,0],"7":[6,6],"8":[0,18],"9":[6,24],"10":[0,24],"11":[0,24]},"_coverageSchema":"1a1c01bbd47fc00a2c39e90264f33305004495a9","hash":"96975c04463a9ace5d44de267952610f47b32989"}
}
