{"/home/sergey/frontend-projects/frontend-project-lvl2/src/calcDiff.js": {"path":"/home/sergey/frontend-projects/frontend-project-lvl2/src/calcDiff.js","statementMap":{"0":{"start":{"line":3,"column":17},"end":{"line":21,"column":1}},"1":{"start":{"line":4,"column":18},"end":{"line":4,"column":78}},"2":{"start":{"line":5,"column":17},"end":{"line":19,"column":8}},"3":{"start":{"line":6,"column":19},"end":{"line":6,"column":35}},"4":{"start":{"line":7,"column":19},"end":{"line":7,"column":36}},"5":{"start":{"line":8,"column":4},"end":{"line":18,"column":5}},"6":{"start":{"line":9,"column":6},"end":{"line":11,"column":7}},"7":{"start":{"line":10,"column":8},"end":{"line":10,"column":73}},"8":{"start":{"line":11,"column":8},"end":{"line":13,"column":7}},"9":{"start":{"line":12,"column":8},"end":{"line":12,"column":75}},"10":{"start":{"line":13,"column":8},"end":{"line":17,"column":7}},"11":{"start":{"line":14,"column":8},"end":{"line":16,"column":11}},"12":{"start":{"line":17,"column":8},"end":{"line":17,"column":77}},"13":{"start":{"line":18,"column":6},"end":{"line":18,"column":93}},"14":{"start":{"line":20,"column":2},"end":{"line":20,"column":16}}},"fnMap":{"0":{"name":"(anonymous_0)","decl":{"start":{"line":3,"column":17},"end":{"line":3,"column":18}},"loc":{"start":{"line":3,"column":48},"end":{"line":21,"column":1}},"line":3},"1":{"name":"(anonymous_1)","decl":{"start":{"line":5,"column":32},"end":{"line":5,"column":33}},"loc":{"start":{"line":5,"column":46},"end":{"line":19,"column":3}},"line":5}},"branchMap":{"0":{"loc":{"start":{"line":8,"column":4},"end":{"line":18,"column":5}},"type":"if","locations":[{"start":{"line":8,"column":4},"end":{"line":18,"column":5}},{"start":{},"end":{}}],"line":8},"1":{"loc":{"start":{"line":8,"column":10},"end":{"line":8,"column":50}},"type":"binary-expr","locations":[{"start":{"line":8,"column":10},"end":{"line":8,"column":28}},{"start":{"line":8,"column":32},"end":{"line":8,"column":50}}],"line":8},"2":{"loc":{"start":{"line":9,"column":6},"end":{"line":11,"column":7}},"type":"if","locations":[{"start":{"line":9,"column":6},"end":{"line":11,"column":7}},{"start":{},"end":{}}],"line":9},"3":{"loc":{"start":{"line":11,"column":8},"end":{"line":13,"column":7}},"type":"if","locations":[{"start":{"line":11,"column":8},"end":{"line":13,"column":7}},{"start":{},"end":{}}],"line":11},"4":{"loc":{"start":{"line":13,"column":8},"end":{"line":17,"column":7}},"type":"if","locations":[{"start":{"line":13,"column":8},"end":{"line":17,"column":7}},{"start":{},"end":{}}],"line":13}},"s":{"0":1,"1":50,"2":50,"3":180,"4":180,"5":180,"6":140,"7":50,"8":90,"9":20,"10":70,"11":40,"12":30,"13":40,"14":50},"f":{"0":50,"1":180},"b":{"0":[140,40],"1":[180,60],"2":[50,90],"3":[20,70],"4":[40,30]},"_coverageSchema":"1a1c01bbd47fc00a2c39e90264f33305004495a9","hash":"9adf05608513b2fae0fbca3935d7af1e928ee77a"}
,"/home/sergey/frontend-projects/frontend-project-lvl2/src/genDiff.js": {"path":"/home/sergey/frontend-projects/frontend-project-lvl2/src/genDiff.js","statementMap":{"0":{"start":{"line":5,"column":16},"end":{"line":11,"column":1}},"1":{"start":{"line":6,"column":22},"end":{"line":6,"column":36}},"2":{"start":{"line":7,"column":23},"end":{"line":7,"column":37}},"3":{"start":{"line":8,"column":15},"end":{"line":8,"column":50}},"4":{"start":{"line":9,"column":17},"end":{"line":9,"column":44}},"5":{"start":{"line":10,"column":2},"end":{"line":10,"column":16}}},"fnMap":{"0":{"name":"(anonymous_0)","decl":{"start":{"line":5,"column":16},"end":{"line":5,"column":17}},"loc":{"start":{"line":5,"column":52},"end":{"line":11,"column":1}},"line":5}},"branchMap":{"0":{"loc":{"start":{"line":5,"column":31},"end":{"line":5,"column":47}},"type":"default-arg","locations":[{"start":{"line":5,"column":40},"end":{"line":5,"column":47}}],"line":5}},"s":{"0":1,"1":10,"2":10,"3":10,"4":10,"5":10},"f":{"0":10},"b":{"0":[3]},"_coverageSchema":"1a1c01bbd47fc00a2c39e90264f33305004495a9","hash":"94c6ef291a6519f10fc97e2d93400cfe082b9610"}
,"/home/sergey/frontend-projects/frontend-project-lvl2/src/parsers.js": {"path":"/home/sergey/frontend-projects/frontend-project-lvl2/src/parsers.js","statementMap":{"0":{"start":{"line":5,"column":16},"end":{"line":16,"column":1}},"1":{"start":{"line":6,"column":24},"end":{"line":6,"column":46}},"2":{"start":{"line":7,"column":15},"end":{"line":7,"column":94}},"3":{"start":{"line":8,"column":2},"end":{"line":10,"column":3}},"4":{"start":{"line":9,"column":4},"end":{"line":9,"column":28}},"5":{"start":{"line":11,"column":2},"end":{"line":13,"column":3}},"6":{"start":{"line":12,"column":4},"end":{"line":12,"column":27}},"7":{"start":{"line":15,"column":2},"end":{"line":15,"column":14}}},"fnMap":{"0":{"name":"(anonymous_0)","decl":{"start":{"line":5,"column":16},"end":{"line":5,"column":17}},"loc":{"start":{"line":5,"column":30},"end":{"line":16,"column":1}},"line":5}},"branchMap":{"0":{"loc":{"start":{"line":8,"column":2},"end":{"line":10,"column":3}},"type":"if","locations":[{"start":{"line":8,"column":2},"end":{"line":10,"column":3}},{"start":{},"end":{}}],"line":8},"1":{"loc":{"start":{"line":11,"column":2},"end":{"line":13,"column":3}},"type":"if","locations":[{"start":{"line":11,"column":2},"end":{"line":13,"column":3}},{"start":{},"end":{}}],"line":11},"2":{"loc":{"start":{"line":11,"column":6},"end":{"line":11,"column":59}},"type":"binary-expr","locations":[{"start":{"line":11,"column":6},"end":{"line":11,"column":30}},{"start":{"line":11,"column":34},"end":{"line":11,"column":59}}],"line":11}},"s":{"0":1,"1":23,"2":23,"3":23,"4":11,"5":12,"6":11,"7":1},"f":{"0":23},"b":{"0":[11,12],"1":[11,1],"2":[12,12]},"_coverageSchema":"1a1c01bbd47fc00a2c39e90264f33305004495a9","hash":"d39e722e6eec014014ec38403d47c0d7aa4e579d"}
,"/home/sergey/frontend-projects/frontend-project-lvl2/src/formatters/index.js": {"path":"/home/sergey/frontend-projects/frontend-project-lvl2/src/formatters/index.js","statementMap":{"0":{"start":{"line":4,"column":22},"end":{"line":13,"column":1}},"1":{"start":{"line":5,"column":2},"end":{"line":7,"column":3}},"2":{"start":{"line":6,"column":4},"end":{"line":6,"column":25}},"3":{"start":{"line":8,"column":2},"end":{"line":10,"column":3}},"4":{"start":{"line":9,"column":4},"end":{"line":9,"column":23}},"5":{"start":{"line":12,"column":2},"end":{"line":12,"column":12}}},"fnMap":{"0":{"name":"(anonymous_0)","decl":{"start":{"line":4,"column":22},"end":{"line":4,"column":23}},"loc":{"start":{"line":4,"column":40},"end":{"line":13,"column":1}},"line":4}},"branchMap":{"0":{"loc":{"start":{"line":5,"column":2},"end":{"line":7,"column":3}},"type":"if","locations":[{"start":{"line":5,"column":2},"end":{"line":7,"column":3}},{"start":{},"end":{}}],"line":5},"1":{"loc":{"start":{"line":8,"column":2},"end":{"line":10,"column":3}},"type":"if","locations":[{"start":{"line":8,"column":2},"end":{"line":10,"column":3}},{"start":{},"end":{}}],"line":8}},"s":{"0":1,"1":10,"2":3,"3":7,"4":6,"5":1},"f":{"0":10},"b":{"0":[3,7],"1":[6,1]},"_coverageSchema":"1a1c01bbd47fc00a2c39e90264f33305004495a9","hash":"7ce75bed50d9debbf20b385424342b5842dbe62f"}
,"/home/sergey/frontend-projects/frontend-project-lvl2/src/formatters/plain.js": {"path":"/home/sergey/frontend-projects/frontend-project-lvl2/src/formatters/plain.js","statementMap":{"0":{"start":{"line":3,"column":18},"end":{"line":7,"column":1}},"1":{"start":{"line":4,"column":2},"end":{"line":6,"column":3}},"2":{"start":{"line":5,"column":4},"end":{"line":5,"column":17}},"3":{"start":{"line":6,"column":4},"end":{"line":6,"column":24}},"4":{"start":{"line":9,"column":14},"end":{"line":38,"column":1}},"5":{"start":{"line":10,"column":15},"end":{"line":36,"column":3}},"6":{"start":{"line":11,"column":18},"end":{"line":32,"column":6}},"7":{"start":{"line":14,"column":29},"end":{"line":14,"column":74}},"8":{"start":{"line":15,"column":32},"end":{"line":15,"column":83}},"9":{"start":{"line":16,"column":6},"end":{"line":18,"column":7}},"10":{"start":{"line":17,"column":8},"end":{"line":17,"column":53}},"11":{"start":{"line":19,"column":6},"end":{"line":30,"column":7}},"12":{"start":{"line":21,"column":10},"end":{"line":21,"column":61}},"13":{"start":{"line":23,"column":10},"end":{"line":23,"column":16}},"14":{"start":{"line":25,"column":10},"end":{"line":25,"column":100}},"15":{"start":{"line":27,"column":10},"end":{"line":27,"column":131}},"16":{"start":{"line":29,"column":10},"end":{"line":29,"column":56}},"17":{"start":{"line":31,"column":6},"end":{"line":31,"column":18}},"18":{"start":{"line":33,"column":4},"end":{"line":35,"column":39}},"19":{"start":{"line":37,"column":2},"end":{"line":37,"column":24}}},"fnMap":{"0":{"name":"(anonymous_0)","decl":{"start":{"line":3,"column":18},"end":{"line":3,"column":19}},"loc":{"start":{"line":3,"column":29},"end":{"line":7,"column":1}},"line":3},"1":{"name":"(anonymous_1)","decl":{"start":{"line":9,"column":14},"end":{"line":9,"column":15}},"loc":{"start":{"line":9,"column":24},"end":{"line":38,"column":1}},"line":9},"2":{"name":"(anonymous_2)","decl":{"start":{"line":10,"column":15},"end":{"line":10,"column":16}},"loc":{"start":{"line":10,"column":35},"end":{"line":36,"column":3}},"line":10},"3":{"name":"(anonymous_3)","decl":{"start":{"line":11,"column":27},"end":{"line":11,"column":28}},"loc":{"start":{"line":13,"column":10},"end":{"line":32,"column":5}},"line":13}},"branchMap":{"0":{"loc":{"start":{"line":4,"column":2},"end":{"line":6,"column":3}},"type":"if","locations":[{"start":{"line":4,"column":2},"end":{"line":6,"column":3}},{"start":{},"end":{}}],"line":4},"1":{"loc":{"start":{"line":4,"column":6},"end":{"line":4,"column":55}},"type":"binary-expr","locations":[{"start":{"line":4,"column":6},"end":{"line":4,"column":24}},{"start":{"line":4,"column":28},"end":{"line":4,"column":55}}],"line":4},"2":{"loc":{"start":{"line":14,"column":29},"end":{"line":14,"column":74}},"type":"cond-expr","locations":[{"start":{"line":14,"column":49},"end":{"line":14,"column":66}},{"start":{"line":14,"column":69},"end":{"line":14,"column":74}}],"line":14},"3":{"loc":{"start":{"line":15,"column":32},"end":{"line":15,"column":83}},"type":"cond-expr","locations":[{"start":{"line":15,"column":55},"end":{"line":15,"column":72}},{"start":{"line":15,"column":75},"end":{"line":15,"column":83}}],"line":15},"4":{"loc":{"start":{"line":16,"column":6},"end":{"line":18,"column":7}},"type":"if","locations":[{"start":{"line":16,"column":6},"end":{"line":18,"column":7}},{"start":{},"end":{}}],"line":16},"5":{"loc":{"start":{"line":19,"column":6},"end":{"line":30,"column":7}},"type":"switch","locations":[{"start":{"line":20,"column":8},"end":{"line":21,"column":61}},{"start":{"line":22,"column":8},"end":{"line":23,"column":16}},{"start":{"line":24,"column":8},"end":{"line":25,"column":100}},{"start":{"line":26,"column":8},"end":{"line":27,"column":131}},{"start":{"line":28,"column":8},"end":{"line":29,"column":56}}],"line":19}},"s":{"0":1,"1":78,"2":36,"3":42,"4":1,"5":6,"6":30,"7":108,"8":108,"9":108,"10":24,"11":84,"12":12,"13":18,"14":30,"15":24,"16":0,"17":18,"18":30,"19":6},"f":{"0":78,"1":6,"2":30,"3":108},"b":{"0":[36,42],"1":[78,60],"2":[18,90],"3":[6,102],"4":[24,84],"5":[12,18,30,24,0]},"_coverageSchema":"1a1c01bbd47fc00a2c39e90264f33305004495a9","hash":"24fce8a3cddab1620f5915193cfee858fb406086"}
,"/home/sergey/frontend-projects/frontend-project-lvl2/src/formatters/stylish.js": {"path":"/home/sergey/frontend-projects/frontend-project-lvl2/src/formatters/stylish.js","statementMap":{"0":{"start":{"line":3,"column":18},"end":{"line":23,"column":1}},"1":{"start":{"line":4,"column":15},"end":{"line":20,"column":3}},"2":{"start":{"line":5,"column":23},"end":{"line":5,"column":42}},"3":{"start":{"line":6,"column":26},"end":{"line":6,"column":57}},"4":{"start":{"line":7,"column":26},"end":{"line":7,"column":53}},"5":{"start":{"line":9,"column":4},"end":{"line":11,"column":5}},"6":{"start":{"line":10,"column":6},"end":{"line":10,"column":23}},"7":{"start":{"line":12,"column":18},"end":{"line":14,"column":77}},"8":{"start":{"line":14,"column":27},"end":{"line":14,"column":76}},"9":{"start":{"line":15,"column":4},"end":{"line":19,"column":17}},"10":{"start":{"line":22,"column":2},"end":{"line":22,"column":23}},"11":{"start":{"line":25,"column":16},"end":{"line":57,"column":1}},"12":{"start":{"line":26,"column":15},"end":{"line":54,"column":3}},"13":{"start":{"line":27,"column":23},"end":{"line":27,"column":42}},"14":{"start":{"line":28,"column":26},"end":{"line":28,"column":53}},"15":{"start":{"line":29,"column":26},"end":{"line":29,"column":67}},"16":{"start":{"line":30,"column":18},"end":{"line":48,"column":6}},"17":{"start":{"line":33,"column":6},"end":{"line":35,"column":7}},"18":{"start":{"line":34,"column":8},"end":{"line":34,"column":73}},"19":{"start":{"line":36,"column":6},"end":{"line":47,"column":7}},"20":{"start":{"line":38,"column":10},"end":{"line":38,"column":108}},"21":{"start":{"line":40,"column":10},"end":{"line":40,"column":108}},"22":{"start":{"line":42,"column":10},"end":{"line":42,"column":108}},"23":{"start":{"line":44,"column":10},"end":{"line":44,"column":204}},"24":{"start":{"line":46,"column":10},"end":{"line":46,"column":56}},"25":{"start":{"line":49,"column":4},"end":{"line":53,"column":17}},"26":{"start":{"line":56,"column":2},"end":{"line":56,"column":23}}},"fnMap":{"0":{"name":"(anonymous_0)","decl":{"start":{"line":3,"column":18},"end":{"line":3,"column":19}},"loc":{"start":{"line":3,"column":62},"end":{"line":23,"column":1}},"line":3},"1":{"name":"(anonymous_1)","decl":{"start":{"line":4,"column":15},"end":{"line":4,"column":16}},"loc":{"start":{"line":4,"column":32},"end":{"line":20,"column":3}},"line":4},"2":{"name":"(anonymous_2)","decl":{"start":{"line":14,"column":11},"end":{"line":14,"column":12}},"loc":{"start":{"line":14,"column":27},"end":{"line":14,"column":76}},"line":14},"3":{"name":"(anonymous_3)","decl":{"start":{"line":25,"column":16},"end":{"line":25,"column":17}},"loc":{"start":{"line":25,"column":60},"end":{"line":57,"column":1}},"line":25},"4":{"name":"(anonymous_4)","decl":{"start":{"line":26,"column":15},"end":{"line":26,"column":16}},"loc":{"start":{"line":26,"column":32},"end":{"line":54,"column":3}},"line":26},"5":{"name":"(anonymous_5)","decl":{"start":{"line":30,"column":27},"end":{"line":30,"column":28}},"loc":{"start":{"line":32,"column":10},"end":{"line":48,"column":5}},"line":32}},"branchMap":{"0":{"loc":{"start":{"line":3,"column":25},"end":{"line":3,"column":40}},"type":"default-arg","locations":[{"start":{"line":3,"column":36},"end":{"line":3,"column":40}}],"line":3},"1":{"loc":{"start":{"line":3,"column":42},"end":{"line":3,"column":57}},"type":"default-arg","locations":[{"start":{"line":3,"column":56},"end":{"line":3,"column":57}}],"line":3},"2":{"loc":{"start":{"line":9,"column":4},"end":{"line":11,"column":5}},"type":"if","locations":[{"start":{"line":9,"column":4},"end":{"line":11,"column":5}},{"start":{},"end":{}}],"line":9},"3":{"loc":{"start":{"line":25,"column":23},"end":{"line":25,"column":38}},"type":"default-arg","locations":[{"start":{"line":25,"column":34},"end":{"line":25,"column":38}}],"line":25},"4":{"loc":{"start":{"line":25,"column":40},"end":{"line":25,"column":55}},"type":"default-arg","locations":[{"start":{"line":25,"column":54},"end":{"line":25,"column":55}}],"line":25},"5":{"loc":{"start":{"line":33,"column":6},"end":{"line":35,"column":7}},"type":"if","locations":[{"start":{"line":33,"column":6},"end":{"line":35,"column":7}},{"start":{},"end":{}}],"line":33},"6":{"loc":{"start":{"line":36,"column":6},"end":{"line":47,"column":7}},"type":"switch","locations":[{"start":{"line":37,"column":8},"end":{"line":38,"column":108}},{"start":{"line":39,"column":8},"end":{"line":40,"column":108}},{"start":{"line":41,"column":8},"end":{"line":42,"column":108}},{"start":{"line":43,"column":8},"end":{"line":44,"column":204}},{"start":{"line":45,"column":8},"end":{"line":46,"column":56}}],"line":36},"7":{"loc":{"start":{"line":38,"column":47},"end":{"line":38,"column":105}},"type":"cond-expr","locations":[{"start":{"line":38,"column":61},"end":{"line":38,"column":77}},{"start":{"line":38,"column":80},"end":{"line":38,"column":105}}],"line":38},"8":{"loc":{"start":{"line":40,"column":47},"end":{"line":40,"column":105}},"type":"cond-expr","locations":[{"start":{"line":40,"column":61},"end":{"line":40,"column":77}},{"start":{"line":40,"column":80},"end":{"line":40,"column":105}}],"line":40},"9":{"loc":{"start":{"line":42,"column":47},"end":{"line":42,"column":105}},"type":"cond-expr","locations":[{"start":{"line":42,"column":61},"end":{"line":42,"column":77}},{"start":{"line":42,"column":80},"end":{"line":42,"column":105}}],"line":42},"10":{"loc":{"start":{"line":44,"column":47},"end":{"line":44,"column":111}},"type":"cond-expr","locations":[{"start":{"line":44,"column":61},"end":{"line":44,"column":80}},{"start":{"line":44,"column":83},"end":{"line":44,"column":111}}],"line":44},"11":{"loc":{"start":{"line":44,"column":143},"end":{"line":44,"column":201}},"type":"cond-expr","locations":[{"start":{"line":44,"column":157},"end":{"line":44,"column":173}},{"start":{"line":44,"column":176},"end":{"line":44,"column":201}}],"line":44}},"s":{"0":1,"1":54,"2":81,"3":81,"4":81,"5":81,"6":60,"7":21,"8":27,"9":21,"10":54,"11":1,"12":3,"13":15,"14":15,"15":15,"16":15,"17":54,"18":12,"19":42,"20":6,"21":9,"22":15,"23":12,"24":0,"25":15,"26":3},"f":{"0":54,"1":81,"2":27,"3":3,"4":15,"5":54},"b":{"0":[6],"1":[6],"2":[60,21],"3":[3],"4":[3],"5":[12,42],"6":[6,9,15,12,0],"7":[3,3],"8":[0,9],"9":[3,12],"10":[0,12],"11":[0,12]},"_coverageSchema":"1a1c01bbd47fc00a2c39e90264f33305004495a9","hash":"96975c04463a9ace5d44de267952610f47b32989"}
}
