TN:
SF:index.js
FN:6,(anonymous_0)
FNF:1
FNH:1
FNDA:13,(anonymous_0)
DA:6,1
DA:7,13
DA:8,13
DA:9,13
DA:10,13
DA:11,13
DA:12,13
DA:13,13
LF:8
LH:8
BRDA:6,0,0,3
BRF:1
BRH:1
end_of_record
TN:
SF:src/calcDiff.js
FN:3,(anonymous_0)
FN:5,(anonymous_1)
FNF:2
FNH:2
FNDA:65,(anonymous_0)
FNDA:234,(anonymous_1)
DA:3,1
DA:4,65
DA:5,65
DA:6,234
DA:7,234
DA:8,234
DA:9,182
DA:10,65
DA:11,117
DA:12,26
DA:13,91
DA:14,52
DA:17,39
DA:18,52
DA:20,65
LF:15
LH:15
BRDA:8,0,0,182
BRDA:8,0,1,52
BRDA:8,1,0,234
BRDA:8,1,1,78
BRDA:9,2,0,65
BRDA:9,2,1,117
BRDA:11,3,0,26
BRDA:11,3,1,91
BRDA:13,4,0,52
BRDA:13,4,1,39
BRF:10
BRH:10
end_of_record
TN:
SF:src/parsers.js
FN:4,(anonymous_0)
FNF:1
FNH:1
FNDA:28,(anonymous_0)
DA:4,1
DA:5,28
DA:7,28
DA:9,14
DA:12,14
DA:14,0
LF:6
LH:5
BRDA:7,0,0,14
BRDA:7,0,1,0
BRDA:7,0,2,14
BRDA:7,0,3,0
BRF:4
BRH:2
end_of_record
TN:
SF:src/formatters/index.js
FN:5,(anonymous_0)
FNF:1
FNH:1
FNDA:13,(anonymous_0)
DA:5,1
DA:6,13
DA:7,6
DA:9,7
DA:10,3
DA:12,4
DA:13,3
DA:16,1
LF:8
LH:8
BRDA:6,0,0,6
BRDA:6,0,1,7
BRDA:9,1,0,3
BRDA:9,1,1,4
BRDA:12,2,0,3
BRDA:12,2,1,1
BRF:6
BRH:6
end_of_record
TN:
SF:src/formatters/json.js
FN:1,(anonymous_0)
FNF:1
FNH:1
FNDA:3,(anonymous_0)
DA:1,3
LF:1
LH:1
BRF:0
BRH:0
end_of_record
TN:
SF:src/formatters/plain.js
FN:3,(anonymous_0)
FN:9,(anonymous_1)
FN:10,(anonymous_2)
FN:11,(anonymous_3)
FNF:4
FNH:4
FNDA:39,(anonymous_0)
FNDA:3,(anonymous_1)
FNDA:15,(anonymous_2)
FNDA:54,(anonymous_3)
DA:3,1
DA:4,39
DA:5,18
DA:6,21
DA:9,1
DA:10,3
DA:11,15
DA:14,54
DA:15,54
DA:16,54
DA:17,12
DA:19,42
DA:21,6
DA:23,9
DA:25,15
DA:27,12
DA:29,0
DA:31,9
DA:33,15
DA:37,3
LF:20
LH:19
BRDA:4,0,0,18
BRDA:4,0,1,21
BRDA:4,1,0,39
BRDA:4,1,1,30
BRDA:14,2,0,9
BRDA:14,2,1,45
BRDA:15,3,0,3
BRDA:15,3,1,51
BRDA:16,4,0,12
BRDA:16,4,1,42
BRDA:19,5,0,6
BRDA:19,5,1,9
BRDA:19,5,2,15
BRDA:19,5,3,12
BRDA:19,5,4,0
BRF:15
BRH:14
end_of_record
TN:
SF:src/formatters/readFile.js
FN:4,(anonymous_0)
FN:6,(anonymous_1)
FNF:2
FNH:2
FNDA:26,(anonymous_0)
FNDA:26,(anonymous_1)
DA:4,26
DA:6,26
LF:2
LH:2
BRF:0
BRH:0
end_of_record
TN:
SF:src/formatters/stylish.js
FN:3,(anonymous_0)
FN:4,(anonymous_1)
FN:14,(anonymous_2)
FN:25,(anonymous_3)
FN:26,(anonymous_4)
FN:30,(anonymous_5)
FNF:6
FNH:6
FNDA:108,(anonymous_0)
FNDA:162,(anonymous_1)
FNDA:54,(anonymous_2)
FNDA:6,(anonymous_3)
FNDA:30,(anonymous_4)
FNDA:108,(anonymous_5)
DA:3,1
DA:4,108
DA:5,162
DA:6,162
DA:7,162
DA:9,162
DA:10,120
DA:12,42
DA:14,54
DA:15,42
DA:22,108
DA:25,1
DA:26,6
DA:27,30
DA:28,30
DA:29,30
DA:30,30
DA:33,108
DA:34,24
DA:36,84
DA:38,12
DA:40,18
DA:42,30
DA:44,24
DA:46,0
DA:49,30
DA:56,6
LF:27
LH:26
BRDA:3,0,0,12
BRDA:3,1,0,12
BRDA:9,2,0,120
BRDA:9,2,1,42
BRDA:25,3,0,6
BRDA:25,4,0,6
BRDA:33,5,0,24
BRDA:33,5,1,84
BRDA:36,6,0,12
BRDA:36,6,1,18
BRDA:36,6,2,30
BRDA:36,6,3,24
BRDA:36,6,4,0
BRDA:38,7,0,6
BRDA:38,7,1,6
BRDA:40,8,0,0
BRDA:40,8,1,18
BRDA:42,9,0,6
BRDA:42,9,1,24
BRDA:44,10,0,0
BRDA:44,10,1,24
BRDA:44,11,0,0
BRDA:44,11,1,24
BRF:23
BRH:19
end_of_record
