TN:
SF:src/calcDiff.js
FN:3,(anonymous_0)
FN:5,(anonymous_1)
FNF:2
FNH:2
FNDA:50,(anonymous_0)
FNDA:180,(anonymous_1)
DA:3,1
DA:4,50
DA:5,50
DA:6,180
DA:7,180
DA:8,180
DA:9,140
DA:10,50
DA:11,90
DA:12,20
DA:13,70
DA:14,40
DA:17,30
DA:18,40
DA:20,50
LF:15
LH:15
BRDA:8,0,0,140
BRDA:8,0,1,40
BRDA:8,1,0,180
BRDA:8,1,1,60
BRDA:9,2,0,50
BRDA:9,2,1,90
BRDA:11,3,0,20
BRDA:11,3,1,70
BRDA:13,4,0,40
BRDA:13,4,1,30
BRF:10
BRH:10
end_of_record
TN:
SF:src/genDiff.js
FN:5,(anonymous_0)
FNF:1
FNH:1
FNDA:10,(anonymous_0)
DA:5,1
DA:6,10
DA:7,10
DA:8,10
DA:9,10
DA:10,10
LF:6
LH:6
BRDA:5,0,0,3
BRF:1
BRH:1
end_of_record
TN:
SF:src/parsers.js
FN:5,(anonymous_0)
FNF:1
FNH:1
FNDA:23,(anonymous_0)
DA:5,1
DA:6,23
DA:7,23
DA:8,23
DA:9,11
DA:11,12
DA:12,11
DA:15,1
LF:8
LH:8
BRDA:8,0,0,11
BRDA:8,0,1,12
BRDA:11,1,0,11
BRDA:11,1,1,1
BRDA:11,2,0,12
BRDA:11,2,1,12
BRF:6
BRH:6
end_of_record
TN:
SF:src/formatters/index.js
FN:4,(anonymous_0)
FNF:1
FNH:1
FNDA:10,(anonymous_0)
DA:4,1
DA:5,10
DA:6,3
DA:8,7
DA:9,6
DA:12,1
LF:6
LH:6
BRDA:5,0,0,3
BRDA:5,0,1,7
BRDA:8,1,0,6
BRDA:8,1,1,1
BRF:4
BRH:4
end_of_record
TN:
SF:src/formatters/plain.js
FN:3,(anonymous_0)
FN:9,(anonymous_1)
FN:10,(anonymous_2)
FN:11,(anonymous_3)
FNF:4
FNH:4
FNDA:78,(anonymous_0)
FNDA:6,(anonymous_1)
FNDA:30,(anonymous_2)
FNDA:108,(anonymous_3)
DA:3,1
DA:4,78
DA:5,36
DA:6,42
DA:9,1
DA:10,6
DA:11,30
DA:14,108
DA:15,108
DA:16,108
DA:17,24
DA:19,84
DA:21,12
DA:23,18
DA:25,30
DA:27,24
DA:29,0
DA:31,18
DA:33,30
DA:37,6
LF:20
LH:19
BRDA:4,0,0,36
BRDA:4,0,1,42
BRDA:4,1,0,78
BRDA:4,1,1,60
BRDA:14,2,0,18
BRDA:14,2,1,90
BRDA:15,3,0,6
BRDA:15,3,1,102
BRDA:16,4,0,24
BRDA:16,4,1,84
BRDA:19,5,0,12
BRDA:19,5,1,18
BRDA:19,5,2,30
BRDA:19,5,3,24
BRDA:19,5,4,0
BRF:15
BRH:14
end_of_record
TN:
SF:src/formatters/stylish.js
FN:3,(anonymous_0)
FN:4,(anonymous_1)
FN:14,(anonymous_2)
FN:25,(anonymous_3)
FN:26,(anonymous_4)
FN:30,(anonymous_5)
FNF:6
FNH:6
FNDA:54,(anonymous_0)
FNDA:81,(anonymous_1)
FNDA:27,(anonymous_2)
FNDA:3,(anonymous_3)
FNDA:15,(anonymous_4)
FNDA:54,(anonymous_5)
DA:3,1
DA:4,54
DA:5,81
DA:6,81
DA:7,81
DA:9,81
DA:10,60
DA:12,21
DA:14,27
DA:15,21
DA:22,54
DA:25,1
DA:26,3
DA:27,15
DA:28,15
DA:29,15
DA:30,15
DA:33,54
DA:34,12
DA:36,42
DA:38,6
DA:40,9
DA:42,15
DA:44,12
DA:46,0
DA:49,15
DA:56,3
LF:27
LH:26
BRDA:3,0,0,6
BRDA:3,1,0,6
BRDA:9,2,0,60
BRDA:9,2,1,21
BRDA:25,3,0,3
BRDA:25,4,0,3
BRDA:33,5,0,12
BRDA:33,5,1,42
BRDA:36,6,0,6
BRDA:36,6,1,9
BRDA:36,6,2,15
BRDA:36,6,3,12
BRDA:36,6,4,0
BRDA:38,7,0,3
BRDA:38,7,1,3
BRDA:40,8,0,0
BRDA:40,8,1,9
BRDA:42,9,0,3
BRDA:42,9,1,12
BRDA:44,10,0,0
BRDA:44,10,1,12
BRDA:44,11,0,0
BRDA:44,11,1,12
BRF:23
BRH:19
end_of_record
